Arguments: 
  /home/pandi95/.nvm/versions/node/v16.13.0/bin/node /home/pandi95/.nvm/versions/node/v16.13.0/bin/yarn add amqlib

PATH: 
  /home/pandi95/.nvm/versions/node/v16.13.0/bin:/home/pandi95/.local/bin:/usr/local/sbin:/usr/local/bin:/usr/sbin:/usr/bin:/sbin:/bin:/usr/games:/usr/local/games:/snap/bin:/home/pandi95/Android/Sdk/emulator:/home/pandi95/Android/Sdk/tools:/home/pandi95/Android/Sdk/tools/bin:/home/pandi95/Android/Sdk/platform-tools:/home/pandi95/Android/Sdk/emulator:/home/pandi95/Android/Sdk/tools:/home/pandi95/Android/Sdk/tools/bin:/home/pandi95/Android/Sdk/platform-tools

Yarn version: 
  1.22.17

Node version: 
  16.13.0

Platform: 
  linux x64

Trace: 
  Error: https://registry.yarnpkg.com/amqlib: Not found
      at Request.params.callback [as _callback] (/home/pandi95/.nvm/versions/node/v16.13.0/lib/node_modules/yarn/lib/cli.js:67029:18)
      at Request.self.callback (/home/pandi95/.nvm/versions/node/v16.13.0/lib/node_modules/yarn/lib/cli.js:140883:22)
      at Request.emit (node:events:390:28)
      at Request.<anonymous> (/home/pandi95/.nvm/versions/node/v16.13.0/lib/node_modules/yarn/lib/cli.js:141855:10)
      at Request.emit (node:events:390:28)
      at IncomingMessage.<anonymous> (/home/pandi95/.nvm/versions/node/v16.13.0/lib/node_modules/yarn/lib/cli.js:141777:12)
      at Object.onceWrapper (node:events:509:28)
      at IncomingMessage.emit (node:events:402:35)
      at endReadableNT (node:internal/streams/readable:1343:12)
      at processTicksAndRejections (node:internal/process/task_queues:83:21)

npm manifest: 
  {
    "name": "rabbitmq",
    "version": "1.0.0",
    "description": "",
    "main": "index.js",
    "scripts": {
      "test": "echo \"Error: no test specified\" && exit 1"
    },
    "keywords": [],
    "author": "",
    "license": "ISC"
  }

yarn manifest: 
  No manifest

Lockfile: 
  No lockfile
